TN:
SF:src/app/app.component.ts
FN:13,(anonymous_0)
FN:15,(anonymous_1)
FN:22,(anonymous_2)
FN:26,(anonymous_3)
FNF:4
FNH:1
FNDA:2,(anonymous_0)
FNDA:0,(anonymous_1)
FNDA:0,(anonymous_2)
FNDA:0,(anonymous_3)
DA:9,1
DA:10,2
DA:11,2
DA:13,2
DA:15,2
DA:16,0
DA:17,0
DA:23,0
DA:27,0
DA:28,0
LF:10
LH:5
BRDA:16,0,0,0
BRDA:17,1,0,0
BRDA:17,1,1,0
BRF:3
BRH:0
end_of_record
TN:
SF:src/app/auth/auth.component.ts
FN:18,(anonymous_0)
FN:24,(anonymous_1)
FN:33,(anonymous_2)
FN:36,(anonymous_3)
FN:37,(anonymous_4)
FN:48,(anonymous_5)
FN:55,(anonymous_6)
FN:69,(anonymous_7)
FN:75,(anonymous_8)
FN:88,(anonymous_9)
FNF:10
FNH:6
FNDA:7,(anonymous_0)
FNDA:5,(anonymous_1)
FNDA:0,(anonymous_2)
FNDA:0,(anonymous_3)
FNDA:0,(anonymous_4)
FNDA:0,(anonymous_5)
FNDA:4,(anonymous_6)
FNDA:1,(anonymous_7)
FNDA:1,(anonymous_8)
FNDA:1,(anonymous_9)
DA:12,1
DA:14,7
DA:15,7
DA:16,7
DA:19,7
DA:20,7
DA:21,7
DA:25,5
DA:30,5
DA:34,0
DA:37,0
DA:49,0
DA:50,0
DA:56,4
DA:57,1
DA:58,1
DA:61,3
DA:62,3
DA:64,3
DA:67,3
DA:68,3
DA:69,1
DA:73,3
DA:74,2
DA:75,1
DA:79,3
DA:80,2
DA:81,2
DA:83,1
DA:84,1
DA:89,1
LF:31
LH:27
BRDA:56,0,0,1
BRDA:69,1,0,1
BRDA:69,1,1,1
BRDA:73,2,0,2
BRDA:75,3,0,1
BRDA:75,3,1,1
BRDA:79,4,0,2
BRDA:79,4,1,1
BRF:8
BRH:8
end_of_record
TN:
SF:src/app/auth/auth.models.ts
FN:87,(anonymous_0)
FN:95,(anonymous_1)
FN:111,(anonymous_2)
FN:118,(anonymous_3)
FN:126,(anonymous_4)
FN:134,(anonymous_5)
FN:135,(anonymous_6)
FN:141,(anonymous_7)
FN:157,(anonymous_8)
FN:166,(anonymous_9)
FN:175,(anonymous_10)
FNF:11
FNH:11
FNDA:17,(anonymous_0)
FNDA:18,(anonymous_1)
FNDA:1,(anonymous_2)
FNDA:5,(anonymous_3)
FNDA:2,(anonymous_4)
FNDA:1,(anonymous_5)
FNDA:1,(anonymous_6)
FNDA:39,(anonymous_7)
FNDA:15,(anonymous_8)
FNDA:2,(anonymous_9)
FNDA:2,(anonymous_10)
DA:80,1
DA:81,1
DA:82,1
DA:88,17
DA:89,17
DA:96,18
DA:97,18
DA:98,6
DA:100,12
DA:101,12
DA:103,1
DA:104,1
DA:112,1
DA:119,5
DA:120,5
DA:127,2
DA:135,1
DA:142,39
DA:143,39
DA:144,30
DA:146,9
DA:147,9
DA:149,0
DA:150,0
DA:158,15
DA:159,15
DA:160,15
DA:167,2
DA:176,2
DA:177,1
DA:179,1
LF:31
LH:29
BRDA:97,0,0,6
BRDA:127,1,0,2
BRDA:127,1,1,1
BRDA:143,2,0,30
BRDA:176,3,0,1
BRF:5
BRH:5
end_of_record
TN:
SF:src/app/auth/registration/registration.component.ts
FN:17,(anonymous_0)
FN:23,(anonymous_1)
FN:35,(anonymous_2)
FN:48,(anonymous_3)
FN:51,(anonymous_4)
FN:59,(anonymous_5)
FN:66,(anonymous_6)
FNF:7
FNH:7
FNDA:6,(anonymous_0)
FNDA:6,(anonymous_1)
FNDA:4,(anonymous_2)
FNDA:2,(anonymous_3)
FNDA:1,(anonymous_4)
FNDA:1,(anonymous_5)
FNDA:1,(anonymous_6)
DA:11,1
DA:13,6
DA:14,6
DA:15,6
DA:18,6
DA:19,6
DA:20,6
DA:24,6
DA:36,4
DA:37,1
DA:38,1
DA:41,3
DA:42,3
DA:43,3
DA:45,3
DA:47,3
DA:49,2
DA:50,1
DA:51,1
DA:52,1
DA:55,1
DA:56,1
DA:60,1
DA:61,1
DA:67,1
LF:25
LH:25
BRDA:36,0,0,1
BRDA:49,1,0,1
BRDA:49,1,1,1
BRDA:55,2,0,1
BRDA:55,2,1,0
BRDA:60,3,0,1
BRDA:60,3,1,0
BRF:7
BRH:5
end_of_record
TN:
SF:src/app/auth/registration/registration.service.ts
FN:9,(anonymous_0)
FN:11,(anonymous_1)
FN:32,(anonymous_2)
FN:56,(anonymous_3)
FN:61,(anonymous_4)
FN:66,(anonymous_5)
FNF:6
FNH:6
FNDA:6,(anonymous_0)
FNDA:3,(anonymous_1)
FNDA:1,(anonymous_2)
FNDA:5,(anonymous_3)
FNDA:5,(anonymous_4)
FNDA:5,(anonymous_5)
DA:8,1
DA:13,3
DA:14,0
DA:18,3
DA:19,0
DA:22,3
DA:23,0
DA:26,3
DA:27,0
DA:31,3
DA:32,3
DA:33,1
DA:37,2
DA:50,2
DA:51,2
DA:53,2
DA:57,5
DA:58,5
DA:62,5
DA:63,5
DA:67,5
DA:68,5
LF:22
LH:18
BRDA:13,0,0,0
BRDA:13,1,0,3
BRDA:13,1,1,3
BRDA:13,1,2,3
BRDA:13,1,3,3
BRDA:18,2,0,0
BRDA:22,3,0,0
BRDA:22,4,0,3
BRDA:22,4,1,3
BRDA:26,5,0,0
BRDA:26,6,0,3
BRDA:26,6,1,3
BRDA:32,7,0,1
BRF:13
BRH:9
end_of_record
TN:
SF:src/app/main/main.component.ts
FN:15,(anonymous_0)
FN:17,(anonymous_1)
FN:24,(anonymous_2)
FN:36,(anonymous_3)
FN:41,(anonymous_4)
FNF:5
FNH:5
FNDA:8,(anonymous_0)
FNDA:4,(anonymous_1)
FNDA:1,(anonymous_2)
FNDA:1,(anonymous_3)
FNDA:1,(anonymous_4)
DA:10,1
DA:11,8
DA:12,8
DA:13,8
DA:15,8
DA:18,4
DA:19,4
DA:20,1
DA:25,1
DA:26,1
DA:30,1
DA:31,1
DA:32,1
DA:37,1
DA:38,1
DA:42,1
LF:16
LH:16
BRDA:19,0,0,1
BRDA:25,1,0,1
BRDA:25,2,0,1
BRDA:25,2,1,1
BRF:4
BRH:4
end_of_record
TN:
SF:src/app/main/posts/posts.component.ts
FN:27,(anonymous_0)
FN:29,(anonymous_1)
FN:34,(anonymous_2)
FN:39,(anonymous_3)
FN:41,(anonymous_4)
FN:46,(anonymous_5)
FN:52,(anonymous_6)
FN:66,(anonymous_7)
FN:70,(anonymous_8)
FN:78,(anonymous_9)
FN:95,(anonymous_10)
FN:103,(anonymous_11)
FN:109,(anonymous_12)
FN:127,(anonymous_13)
FN:132,(anonymous_14)
FN:139,(anonymous_15)
FNF:16
FNH:14
FNDA:10,(anonymous_0)
FNDA:1,(anonymous_1)
FNDA:1,(anonymous_2)
FNDA:1,(anonymous_3)
FNDA:1,(anonymous_4)
FNDA:0,(anonymous_5)
FNDA:3,(anonymous_6)
FNDA:3,(anonymous_7)
FNDA:2,(anonymous_8)
FNDA:3,(anonymous_9)
FNDA:1,(anonymous_10)
FNDA:0,(anonymous_11)
FNDA:3,(anonymous_12)
FNDA:1,(anonymous_13)
FNDA:1,(anonymous_14)
FNDA:4,(anonymous_15)
DA:10,1
DA:11,10
DA:13,10
DA:14,10
DA:15,10
DA:16,10
DA:18,10
DA:19,10
DA:20,10
DA:21,10
DA:23,10
DA:24,10
DA:25,10
DA:27,10
DA:30,1
DA:31,1
DA:35,1
DA:36,1
DA:40,1
DA:42,1
DA:43,1
DA:44,1
DA:47,0
DA:53,3
DA:54,1
DA:55,1
DA:56,1
DA:59,2
DA:67,3
DA:71,2
DA:72,2
DA:73,1
DA:74,1
DA:79,3
DA:80,1
DA:83,2
DA:84,2
DA:86,2
DA:87,1
DA:90,1
DA:96,1
DA:97,1
DA:98,1
DA:99,1
DA:100,1
DA:101,1
DA:104,0
DA:111,3
DA:112,1
DA:113,1
DA:117,2
DA:118,0
DA:119,0
DA:123,2
DA:126,2
DA:128,1
DA:129,1
DA:130,1
DA:133,1
DA:134,1
DA:140,4
LF:61
LH:57
BRDA:53,0,0,1
BRDA:72,1,0,1
BRDA:79,2,0,1
BRDA:86,3,0,1
BRDA:86,4,0,2
BRDA:86,4,1,1
BRDA:111,5,0,1
BRDA:117,6,0,0
BRDA:140,7,0,4
BRDA:140,7,1,3
BRF:10
BRH:9
end_of_record
TN:
SF:src/app/main/posts/posts.service.ts
FN:31,(anonymous_0)
FN:33,(anonymous_1)
FN:35,(anonymous_2)
FN:36,(anonymous_3)
FN:46,(anonymous_4)
FN:50,(anonymous_5)
FN:53,(anonymous_6)
FN:54,(anonymous_7)
FN:57,(anonymous_8)
FN:63,(anonymous_9)
FN:70,(anonymous_10)
FN:81,(anonymous_11)
FNF:12
FNH:12
FNDA:10,(anonymous_0)
FNDA:2,(anonymous_1)
FNDA:2,(anonymous_2)
FNDA:2,(anonymous_3)
FNDA:1,(anonymous_4)
FNDA:2,(anonymous_5)
FNDA:4,(anonymous_6)
FNDA:1,(anonymous_7)
FNDA:5,(anonymous_8)
FNDA:6,(anonymous_9)
FNDA:2,(anonymous_10)
FNDA:2,(anonymous_11)
DA:28,1
DA:29,10
DA:31,10
DA:34,2
DA:36,2
DA:41,2
DA:47,1
DA:51,2
DA:52,2
DA:53,4
DA:54,1
DA:58,5
DA:59,2
DA:62,3
DA:63,3
DA:64,6
DA:71,2
DA:80,2
DA:82,2
DA:83,2
DA:84,2
LF:21
LH:21
BRDA:51,0,0,2
BRDA:51,0,1,0
BRDA:54,1,0,1
BRDA:54,1,1,0
BRDA:54,2,0,1
BRDA:54,2,1,0
BRDA:58,3,0,2
BRDA:58,4,0,5
BRDA:58,4,1,4
BRDA:64,5,0,6
BRDA:64,5,1,5
BRDA:64,5,2,4
BRF:12
BRH:9
end_of_record
TN:
SF:src/app/profile/profile.component.ts
FN:21,(anonymous_0)
FN:36,(anonymous_1)
FN:48,(anonymous_2)
FN:64,(anonymous_3)
FN:68,(anonymous_4)
FN:87,(anonymous_5)
FN:101,(anonymous_6)
FN:110,(anonymous_7)
FN:120,(anonymous_8)
FN:131,(anonymous_9)
FN:142,(anonymous_10)
FN:156,(anonymous_11)
FN:163,(anonymous_12)
FN:173,(anonymous_13)
FN:177,(anonymous_14)
FN:183,(anonymous_15)
FN:193,(anonymous_16)
FNF:17
FNH:17
FNDA:43,(anonymous_0)
FNDA:39,(anonymous_1)
FNDA:39,(anonymous_2)
FNDA:43,(anonymous_3)
FNDA:14,(anonymous_4)
FNDA:4,(anonymous_5)
FNDA:3,(anonymous_6)
FNDA:2,(anonymous_7)
FNDA:9,(anonymous_8)
FNDA:2,(anonymous_9)
FNDA:4,(anonymous_10)
FNDA:3,(anonymous_11)
FNDA:3,(anonymous_12)
FNDA:4,(anonymous_13)
FNDA:4,(anonymous_14)
FNDA:2,(anonymous_15)
FNDA:1,(anonymous_16)
DA:12,1
DA:13,43
DA:15,43
DA:16,43
DA:17,43
DA:18,43
DA:19,43
DA:22,43
DA:23,43
DA:24,43
DA:26,43
DA:37,39
DA:39,39
DA:40,2
DA:41,2
DA:44,37
DA:45,37
DA:49,39
DA:50,39
DA:60,39
DA:65,43
DA:69,14
DA:71,14
DA:73,12
DA:74,12
DA:75,12
DA:76,12
DA:79,2
DA:80,2
DA:83,14
DA:84,14
DA:88,4
DA:89,1
DA:93,3
DA:101,3
DA:102,3
DA:103,2
DA:104,2
DA:105,2
DA:106,2
DA:107,2
DA:108,2
DA:110,2
DA:111,2
DA:114,1
DA:115,1
DA:121,9
DA:122,9
DA:124,9
DA:125,2
DA:126,2
DA:130,7
DA:131,2
DA:134,7
DA:135,2
DA:136,2
DA:140,5
DA:141,5
DA:142,4
DA:145,5
DA:146,1
DA:147,1
DA:151,4
DA:152,1
DA:153,1
DA:156,3
DA:157,3
DA:158,3
DA:159,3
DA:160,3
DA:161,3
DA:163,3
DA:164,3
DA:167,0
DA:168,0
DA:174,4
DA:175,4
DA:177,4
DA:178,4
DA:179,3
DA:180,3
DA:181,3
DA:183,3
DA:184,2
DA:187,1
DA:188,1
DA:194,1
LF:87
LH:85
BRDA:39,0,0,2
BRDA:49,1,0,39
BRDA:54,2,0,39
BRDA:54,2,1,1
BRDA:55,3,0,39
BRDA:55,3,1,1
BRDA:56,4,0,39
BRDA:56,4,1,1
BRDA:71,5,0,12
BRDA:71,5,1,2
BRDA:88,6,0,1
BRDA:102,7,0,2
BRDA:102,7,1,1
BRDA:114,8,0,1
BRDA:114,8,1,0
BRDA:124,9,0,2
BRDA:134,10,0,2
BRDA:145,11,0,1
BRDA:151,12,0,1
BRDA:157,13,0,3
BRDA:157,13,1,0
BRDA:158,14,0,3
BRDA:158,14,1,0
BRDA:167,15,0,0
BRDA:167,15,1,0
BRDA:178,16,0,3
BRDA:178,16,1,1
BRDA:187,17,0,1
BRDA:187,17,1,0
BRF:29
BRH:23
end_of_record
TN:
SF:src/app/profile/profile.service.ts
FN:13,(anonymous_0)
FN:20,(anonymous_1)
FN:25,(anonymous_2)
FN:26,(anonymous_3)
FN:41,(anonymous_4)
FN:72,(anonymous_5)
FN:99,(anonymous_6)
FN:114,(anonymous_7)
FN:122,(anonymous_8)
FN:132,(anonymous_9)
FN:135,(anonymous_10)
FN:139,(anonymous_11)
FN:144,(anonymous_12)
FN:149,(anonymous_13)
FNF:14
FNH:11
FNDA:15,(anonymous_0)
FNDA:0,(anonymous_1)
FNDA:0,(anonymous_2)
FNDA:0,(anonymous_3)
FNDA:5,(anonymous_4)
FNDA:4,(anonymous_5)
FNDA:2,(anonymous_6)
FNDA:2,(anonymous_7)
FNDA:2,(anonymous_8)
FNDA:3,(anonymous_9)
FNDA:1,(anonymous_10)
FNDA:2,(anonymous_11)
FNDA:1,(anonymous_12)
FNDA:1,(anonymous_13)
DA:9,1
DA:10,15
DA:11,15
DA:13,15
DA:15,15
DA:16,0
DA:21,0
DA:23,0
DA:26,0
DA:36,0
DA:42,5
DA:44,5
DA:45,1
DA:48,4
DA:49,1
DA:52,3
DA:53,1
DA:56,2
DA:57,1
DA:60,1
DA:67,1
DA:69,1
DA:73,4
DA:75,4
DA:76,1
DA:79,3
DA:80,1
DA:83,2
DA:85,2
DA:86,1
DA:89,1
DA:94,1
DA:96,1
DA:100,2
DA:102,2
DA:103,0
DA:106,2
DA:108,2
DA:109,1
DA:112,1
DA:114,2
DA:117,1
DA:119,1
DA:123,2
DA:125,2
DA:126,1
DA:129,1
DA:130,1
DA:132,3
DA:136,1
DA:140,2
DA:141,2
DA:145,1
DA:146,1
DA:150,1
DA:151,1
LF:56
LH:50
BRDA:15,0,0,0
BRDA:21,1,0,0
BRDA:44,2,0,1
BRDA:48,3,0,1
BRDA:48,4,0,4
BRDA:48,4,1,2
BRDA:52,5,0,1
BRDA:52,6,0,3
BRDA:52,6,1,1
BRDA:56,7,0,1
BRDA:56,8,0,2
BRDA:56,8,1,1
BRDA:75,9,0,1
BRDA:79,10,0,1
BRDA:83,11,0,2
BRDA:83,11,1,0
BRDA:85,12,0,1
BRDA:102,13,0,0
BRDA:106,14,0,2
BRDA:106,14,1,0
BRDA:108,15,0,1
BRDA:125,16,0,1
BRDA:130,17,0,1
BRDA:130,17,1,0
BRF:24
BRH:18
end_of_record
TN:
SF:src/app/services/auth.service.ts
FN:19,(anonymous_0)
FN:24,(anonymous_1)
FN:26,(anonymous_2)
FN:64,(anonymous_3)
FN:77,(anonymous_4)
FN:88,(anonymous_5)
FN:98,(anonymous_6)
FN:123,(anonymous_7)
FN:128,(anonymous_8)
FN:138,(anonymous_9)
FN:151,(anonymous_10)
FN:158,(anonymous_11)
FN:160,(anonymous_12)
FNF:13
FNH:13
FNDA:32,(anonymous_0)
FNDA:15,(anonymous_1)
FNDA:14,(anonymous_2)
FNDA:1,(anonymous_3)
FNDA:15,(anonymous_4)
FNDA:13,(anonymous_5)
FNDA:2,(anonymous_6)
FNDA:10,(anonymous_7)
FNDA:1,(anonymous_8)
FNDA:1,(anonymous_9)
FNDA:4,(anonymous_10)
FNDA:11,(anonymous_11)
FNDA:110,(anonymous_12)
DA:16,1
DA:17,32
DA:19,32
DA:25,15
DA:27,14
DA:28,2
DA:34,12
DA:37,12
DA:38,1
DA:45,11
DA:56,11
DA:58,11
DA:65,1
DA:66,1
DA:79,15
DA:80,1
DA:87,14
DA:89,13
DA:90,1
DA:97,12
DA:98,12
DA:99,1
DA:106,11
DA:119,11
DA:122,11
DA:123,10
DA:130,1
DA:139,1
DA:140,1
DA:152,4
DA:159,11
DA:160,110
DA:163,11
LF:33
LH:33
BRDA:27,0,0,2
BRDA:37,1,0,1
BRDA:79,2,0,1
BRDA:89,3,0,1
BRDA:98,4,0,1
BRF:5
BRH:5
end_of_record
